  [1m[36m (3.4ms)[0m  [1mCREATE TABLE "schema_migrations" ("version" varchar NOT NULL) [0m
  [1m[35m (0.1ms)[0m  select sqlite_version(*)
  [1m[36m (2.9ms)[0m  [1mCREATE UNIQUE INDEX "unique_schema_migrations" ON "schema_migrations" ("version")[0m
  [1m[35mActiveRecord::SchemaMigration Load (0.1ms)[0m  SELECT "schema_migrations".* FROM "schema_migrations"
Migrating to CreateCanvas (20160406172659)
  [1m[36m (0.1ms)[0m  [1mbegin transaction[0m
  [1m[35m (0.5ms)[0m  CREATE TABLE "canvas" ("id" INTEGER PRIMARY KEY AUTOINCREMENT NOT NULL, "canvas_id" integer, "title" varchar, "description" text, "collaborators" varchar, "string" varchar, "timeline" varchar, "budget" float, "created_at" datetime NOT NULL, "updated_at" datetime NOT NULL) 
  [1m[36mSQL (0.3ms)[0m  [1mINSERT INTO "schema_migrations" ("version") VALUES (?)[0m  [["version", "20160406172659"]]
  [1m[35m (2.6ms)[0m  commit transaction
Migrating to CreateTasks (20160406172948)
  [1m[36m (0.1ms)[0m  [1mbegin transaction[0m
  [1m[35m (0.3ms)[0m  CREATE TABLE "tasks" ("id" INTEGER PRIMARY KEY AUTOINCREMENT NOT NULL, "canvas_id" integer, "task_id" integer, "title" varchar, "description" text, "priority" varchar, "deadline" varchar, "created_at" datetime NOT NULL, "updated_at" datetime NOT NULL) 
  [1m[36mSQL (0.1ms)[0m  [1mINSERT INTO "schema_migrations" ("version") VALUES (?)[0m  [["version", "20160406172948"]]
  [1m[35m (2.8ms)[0m  commit transaction
  [1m[36mActiveRecord::SchemaMigration Load (0.1ms)[0m  [1mSELECT "schema_migrations".* FROM "schema_migrations"[0m
  [1m[36mActiveRecord::SchemaMigration Load (2.3ms)[0m  [1mSELECT "schema_migrations".* FROM "schema_migrations"[0m
  [1m[35mActiveRecord::SchemaMigration Load (0.1ms)[0m  SELECT "schema_migrations".* FROM "schema_migrations"
  [1m[36mActiveRecord::SchemaMigration Load (0.1ms)[0m  [1mSELECT "schema_migrations".* FROM "schema_migrations"[0m
  [1m[35mActiveRecord::SchemaMigration Load (0.1ms)[0m  SELECT "schema_migrations".* FROM "schema_migrations"
  [1m[36mActiveRecord::SchemaMigration Load (2.3ms)[0m  [1mSELECT "schema_migrations".* FROM "schema_migrations"[0m
  [1m[35mActiveRecord::SchemaMigration Load (0.2ms)[0m  SELECT "schema_migrations".* FROM "schema_migrations"
  [1m[36mActiveRecord::SchemaMigration Load (2.2ms)[0m  [1mSELECT "schema_migrations".* FROM "schema_migrations"[0m
Migrating to RemoveCanvaIdFromCanvas (20160406174022)
  [1m[35m (0.1ms)[0m  begin transaction
  [1m[36m (0.5ms)[0m  [1mCREATE TEMPORARY TABLE "acanvas" ("id" INTEGER PRIMARY KEY AUTOINCREMENT NOT NULL, "canvas_id" integer, "title" varchar, "description" text, "collaborators" varchar, "string" varchar, "timeline" varchar, "budget" float, "created_at" datetime NOT NULL, "updated_at" datetime NOT NULL) [0m
  [1m[35m (2.1ms)[0m  SELECT * FROM "canvas"
  [1m[36m (7.6ms)[0m  [1mDROP TABLE "canvas"[0m
  [1m[35m (0.3ms)[0m  CREATE TABLE "canvas" ("id" INTEGER PRIMARY KEY AUTOINCREMENT NOT NULL, "canvas_id" integer, "title" varchar, "description" text, "collaborators" varchar, "string" varchar, "timeline" varchar, "budget" float, "created_at" datetime NOT NULL, "updated_at" datetime NOT NULL) 
  [1m[36m (0.1ms)[0m  [1mSELECT * FROM "acanvas"[0m
  [1m[35m (0.5ms)[0m  DROP TABLE "acanvas"
  [1m[36mSQL (0.3ms)[0m  [1mINSERT INTO "schema_migrations" ("version") VALUES (?)[0m  [["version", "20160406174022"]]
  [1m[35m (2.8ms)[0m  commit transaction
Migrating to RemoveTaskIdFromTasks (20160406174107)
  [1m[36m (0.1ms)[0m  [1mbegin transaction[0m
  [1m[35m (0.3ms)[0m  CREATE TEMPORARY TABLE "atasks" ("id" INTEGER PRIMARY KEY AUTOINCREMENT NOT NULL, "canvas_id" integer, "task_id" integer, "title" varchar, "description" text, "priority" varchar, "deadline" varchar, "created_at" datetime NOT NULL, "updated_at" datetime NOT NULL) 
  [1m[36m (0.1ms)[0m  [1mSELECT * FROM "tasks"[0m
  [1m[35m (0.3ms)[0m  DROP TABLE "tasks"
  [1m[36m (0.1ms)[0m  [1mCREATE TABLE "tasks" ("id" INTEGER PRIMARY KEY AUTOINCREMENT NOT NULL, "canvas_id" integer, "title" varchar, "description" text, "priority" varchar, "deadline" varchar, "created_at" datetime NOT NULL, "updated_at" datetime NOT NULL) [0m
  [1m[35m (0.0ms)[0m  SELECT * FROM "atasks"
  [1m[36m (0.1ms)[0m  [1mDROP TABLE "atasks"[0m
  [1m[35mSQL (0.1ms)[0m  INSERT INTO "schema_migrations" ("version") VALUES (?)  [["version", "20160406174107"]]
  [1m[36m (2.7ms)[0m  [1mcommit transaction[0m
  [1m[35mActiveRecord::SchemaMigration Load (0.1ms)[0m  SELECT "schema_migrations".* FROM "schema_migrations"
  [1m[36mActiveRecord::SchemaMigration Load (2.3ms)[0m  [1mSELECT "schema_migrations".* FROM "schema_migrations"[0m
Migrating to RemoveCanvasIdFromCanvas (20160406174332)
  [1m[35m (0.1ms)[0m  begin transaction
  [1m[36m (1.2ms)[0m  [1mCREATE TEMPORARY TABLE "acanvas" ("id" INTEGER PRIMARY KEY AUTOINCREMENT NOT NULL, "canvas_id" integer, "title" varchar, "description" text, "collaborators" varchar, "string" varchar, "timeline" varchar, "budget" float, "created_at" datetime NOT NULL, "updated_at" datetime NOT NULL) [0m
  [1m[35m (2.2ms)[0m  SELECT * FROM "canvas"
  [1m[36m (3.8ms)[0m  [1mDROP TABLE "canvas"[0m
  [1m[35m (0.2ms)[0m  CREATE TABLE "canvas" ("id" INTEGER PRIMARY KEY AUTOINCREMENT NOT NULL, "title" varchar, "description" text, "collaborators" varchar, "string" varchar, "timeline" varchar, "budget" float, "created_at" datetime NOT NULL, "updated_at" datetime NOT NULL) 
  [1m[36m (0.1ms)[0m  [1mSELECT * FROM "acanvas"[0m
  [1m[35m (0.3ms)[0m  DROP TABLE "acanvas"
  [1m[36mSQL (0.2ms)[0m  [1mINSERT INTO "schema_migrations" ("version") VALUES (?)[0m  [["version", "20160406174332"]]
  [1m[35m (2.8ms)[0m  commit transaction
  [1m[36mActiveRecord::SchemaMigration Load (0.1ms)[0m  [1mSELECT "schema_migrations".* FROM "schema_migrations"[0m
  [1m[36mActiveRecord::SchemaMigration Load (2.2ms)[0m  [1mSELECT "schema_migrations".* FROM "schema_migrations"[0m
  [1m[35mActiveRecord::SchemaMigration Load (0.1ms)[0m  SELECT "schema_migrations".* FROM "schema_migrations"
DEPRECATION WARNING: Defining a route where `to` is a controller without an action is deprecated. Please change `to: '/home'` to `controller: '/home'`. (called from block in <top (required)> at /Users/hollypeck/Development/code/canvas/config/routes.rb:6)
DEPRECATION WARNING: Defining a route where `to` is a controller without an action is deprecated. Please change `to: 'home'` to `controller: 'home'`. (called from block in <top (required)> at /Users/hollypeck/Development/code/canvas/config/routes.rb:6)
